Tree of the whole alphabet

                    ┌---[a]
               ┌---[b]
                    └---[c]
          ┌---[d]
                    ┌---[e]
               └---[f]
                    └---[g]
     ┌---[h]
                    ┌---[i]
               ┌---[j]
                    └---[k]
          └---[l]
                    ┌---[m]
               └---[n]
                    └---[o]
*---[p]
               ┌---[q]
          ┌---[r]
               └---[s]
     └---[t]
                    ┌---[u]
               ┌---[v]
                    └---[w]
          └---[x]
               └---[y]
                    └---[z]

size: 26
There is no such element
Tree of the whole alphabet without a v l t r e

               ┌---[b]
                    └---[c]
          ┌---[d]
               └---[f]
                    └---[g]
     ┌---[h]
                    ┌---[i]
               ┌---[j]
                    └---[k]
          └---[m]
               └---[n]
                    └---[o]
*---[p]
               ┌---[q]
          ┌---[s]
     └---[u]
               ┌---[w]
          └---[x]
               └---[y]
                    └---[z]

size: 20
not empty
size: 0
empty